This is pdfTeX, Version 3.14159265-2.6-1.40.15 (TeX Live 2014) (preloaded format=pdflatex 2015.3.28)  23 JUN 2015 16:33
entering extended mode
 restricted \write18 enabled.
 file:line:error style messages enabled.
 %&-line parsing enabled.
**item3.tex
(./item3.tex
LaTeX2e <2014/05/01>
Babel <3.9l> and hyphenation patterns for 79 languages loaded.
./item3.tex:1: Undefined control sequence.
l.1 \section
            {条款3：理解decltype}
? 
./item3.tex:1: Emergency stop.
l.1 \section
            {条款3：理解decltype}
End of file on the terminal!

 
Here is how much of TeX's memory you used:
 5 strings out of 493109
 119 string characters out of 6135010
 52967 words of memory out of 5000000
 3570 multiletter control sequences out of 15000+600000
 3640 words of font info for 14 fonts, out of 8000000 for 9000
 1141 hyphenation exceptions out of 8191
 5i,0n,1p,46b,8s stack positions out of 5000i,500n,10000p,200000b,80000s
./item3.tex:1:  ==> Fatal error occurred, no output PDF file produced!
